{"message":[{"writerNm":null,"writer":null,"title":null,"reRegDate":null,"regDate":null,"reContent":null,"reasonCate2Nm":null,"reasonCate2":null,"reasonCate1Nm":null,"reasonCate1":null,"productNm":null,"productCode":null,"PCateNm":null,"PCate":null,"no":null,"mdNm":null,"mdId":null,"McateNm":null,"Mcate":null,"gender":null,"content":null,"companyNm":null,"company":null,"categoryNm":null,"category2Nm":null,"category2":null,"category1":null,"agentNm":null,"agentId":null,"age":null}],"level":"info","service":"if_dma_00003"}
{"message":[{"writerNm":null,"writer":null,"title":null,"reRegDate":null,"regDate":null,"reContent":null,"reasonCate2Nm":null,"reasonCate2":null,"reasonCate1Nm":null,"reasonCate1":null,"productNm":null,"productCode":null,"PCateNm":null,"PCate":null,"no":null,"mdNm":null,"mdId":null,"McateNm":null,"Mcate":null,"gender":null,"content":null,"companyNm":null,"company":null,"categoryNm":null,"category2Nm":null,"category2":null,"category1":null,"agentNm":null,"agentId":null,"age":null}],"level":"info","service":"if_dma_00003"}
{"message":[{"writerNm":null,"writer":null,"title":null,"reRegDate":null,"regDate":null,"reContent":null,"reasonCate2Nm":null,"reasonCate2":null,"reasonCate1Nm":null,"reasonCate1":null,"productNm":null,"productCode":null,"PCateNm":null,"PCate":null,"no":null,"mdNm":null,"mdId":null,"McateNm":null,"Mcate":null,"gender":null,"content":null,"companyNm":null,"company":null,"categoryNm":null,"category2Nm":null,"category2":null,"category1":null,"agentNm":null,"agentId":null,"age":null}],"level":"info","service":"if_dma_00003"}
{"message":[{"writerNm":null,"writer":null,"title":null,"reRegDate":null,"regDate":null,"reContent":null,"reasonCate2Nm":null,"reasonCate2":null,"reasonCate1Nm":null,"reasonCate1":null,"productNm":null,"productCode":null,"PCateNm":null,"PCate":null,"no":null,"mdNm":null,"mdId":null,"McateNm":null,"Mcate":null,"gender":null,"content":null,"companyNm":null,"company":null,"categoryNm":null,"category2Nm":null,"category2":null,"category1":null,"agentNm":null,"agentId":null,"age":null}],"level":"info","service":"if_dma_00003"}
{"message":[{"writerNm":null,"writer":null,"title":null,"reRegDate":null,"regDate":null,"reContent":null,"reasonCate2Nm":null,"reasonCate2":null,"reasonCate1Nm":null,"reasonCate1":null,"productNm":null,"productCode":null,"PCateNm":null,"PCate":null,"no":null,"mdNm":null,"mdId":null,"McateNm":null,"Mcate":null,"gender":null,"content":null,"companyNm":null,"company":null,"categoryNm":null,"category2Nm":null,"category2":null,"category1":null,"agentNm":null,"agentId":null,"age":null}],"level":"info","service":"if_dma_00003"}
{"message":[{"writerNm":null,"writer":null,"title":null,"reRegDate":null,"regDate":null,"reContent":null,"reasonCate2Nm":null,"reasonCate2":null,"reasonCate1Nm":null,"reasonCate1":null,"productNm":null,"productCode":null,"PCateNm":null,"PCate":null,"no":null,"mdNm":null,"mdId":null,"McateNm":null,"Mcate":null,"gender":null,"content":null,"companyNm":null,"company":null,"categoryNm":null,"category2Nm":null,"category2":null,"category1":null,"agentNm":null,"agentId":null,"age":null}],"level":"info","service":"if_dma_00003"}
{"message":[{"writerNm":null,"writer":null,"title":null,"reRegDate":null,"regDate":null,"reContent":null,"reasonCate2Nm":null,"reasonCate2":null,"reasonCate1Nm":null,"reasonCate1":null,"productNm":null,"productCode":null,"PCateNm":null,"PCate":null,"no":null,"mdNm":null,"mdId":null,"McateNm":null,"Mcate":null,"gender":null,"content":null,"companyNm":null,"company":null,"categoryNm":null,"category2Nm":null,"category2":null,"category1":null,"agentNm":null,"agentId":null,"age":null}],"level":"info","service":"if_dma_00003"}
{"message":[{"writerNm":null,"writer":null,"title":null,"reRegDate":null,"regDate":null,"reContent":null,"reasonCate2Nm":null,"reasonCate2":null,"reasonCate1Nm":null,"reasonCate1":null,"productNm":null,"productCode":null,"PCateNm":null,"PCate":null,"no":null,"mdNm":null,"mdId":null,"McateNm":null,"Mcate":null,"gender":null,"content":null,"companyNm":null,"company":null,"categoryNm":null,"category2Nm":null,"category2":null,"category1":null,"agentNm":null,"agentId":null,"age":null}],"level":"info","service":"if_dma_00003"}
{"message":[{"writerNm":null,"writer":null,"title":null,"reRegDate":null,"regDate":null,"reContent":null,"reasonCate2Nm":null,"reasonCate2":null,"reasonCate1Nm":null,"reasonCate1":null,"productNm":null,"productCode":null,"PCateNm":null,"PCate":null,"no":null,"mdNm":null,"mdId":null,"McateNm":null,"Mcate":null,"gender":null,"content":null,"companyNm":null,"company":null,"categoryNm":null,"category2Nm":null,"category2":null,"category1":null,"agentNm":null,"agentId":null,"age":null}],"level":"info","service":"if_dma_00003"}
{"message":[{"writerNm":null,"writer":null,"title":null,"reRegDate":null,"regDate":null,"reContent":null,"reasonCate2Nm":null,"reasonCate2":null,"reasonCate1Nm":null,"reasonCate1":null,"productNm":null,"productCode":null,"PCateNm":null,"PCate":null,"no":null,"mdNm":null,"mdId":null,"McateNm":null,"Mcate":null,"gender":null,"content":null,"companyNm":null,"company":null,"categoryNm":null,"category2Nm":null,"category2":null,"category1":null,"agentNm":null,"agentId":null,"age":null}],"level":"info","service":"if_dma_00003"}
{"message":[{"writerNm":null,"writer":null,"title":null,"reRegDate":null,"regDate":null,"reContent":null,"reasonCate2Nm":null,"reasonCate2":null,"reasonCate1Nm":null,"reasonCate1":null,"productNm":null,"productCode":null,"PCateNm":null,"PCate":null,"no":null,"mdNm":null,"mdId":null,"McateNm":null,"Mcate":null,"gender":null,"content":null,"companyNm":null,"company":null,"categoryNm":null,"category2Nm":null,"category2":null,"category1":null,"agentNm":null,"agentId":null,"age":null}],"level":"info","service":"if_dma_00003"}
{"message":[{"writerNm":null,"writer":null,"title":null,"reRegDate":null,"regDate":null,"reContent":null,"reasonCate2Nm":null,"reasonCate2":null,"reasonCate1Nm":null,"reasonCate1":null,"productNm":null,"productCode":null,"PCateNm":null,"PCate":null,"no":null,"mdNm":null,"mdId":null,"McateNm":null,"Mcate":null,"gender":null,"content":null,"companyNm":null,"company":null,"categoryNm":null,"category2Nm":null,"category2":null,"category1":null,"agentNm":null,"agentId":null,"age":null}],"level":"info","service":"if_dma_00003"}
{"message":{"status":{"message":null,"code":null,"api_name":null},"data":null},"level":"info","service":"if_dma_00003"}
{"message":{"status":{"message":null,"code":null,"api_name":null},"data":null},"level":"info","service":"if_dma_00003"}
{"message":{"status":{"message":null,"code":null,"api_name":null},"data":null},"level":"info","service":"if_dma_00003"}
{"message":{"status":{"message":null,"code":null,"api_name":null},"data":null},"level":"info","service":"if_dma_00003"}
{"message":{"status":{"message":null,"code":null,"api_name":null},"data":null},"level":"info","service":"if_dma_00003"}
{"message":{"status":{"message":null,"code":null,"api_name":null},"data":null},"level":"info","service":"if_dma_00003"}
{"message":{"status":{"message":null,"code":null,"api_name":null},"data":null},"level":"info","service":"if_dma_00003"}
{"message":{"status":{"message":null,"code":null,"api_name":null},"data":null},"level":"info","service":"if_dma_00003"}
{"message":{"status":{"message":null,"code":null,"api_name":null},"data":null},"level":"info","service":"if_dma_00003"}
{"message":{"status":{"message":null,"code":null,"api_name":null},"data":null},"level":"info","service":"if_dma_00003"}
{"message":{"status":{"message":null,"code":null,"api_name":null},"data":null},"level":"info","service":"if_dma_00003"}
{"message":{"status":{"message":null,"code":null,"api_name":null},"data":null},"level":"info","service":"if_dma_00003"}
{"message":{"status":{"message":null,"code":null,"api_name":null},"data":null},"level":"info","service":"if_dma_00003"}
{"message":{"status":{"message":null,"code":null,"api_name":null},"data":null},"level":"info","service":"if_dma_00003"}
{"message":{"status":{"message":null,"code":null,"api_name":null},"data":null},"level":"info","service":"if_dma_00003"}
{"message":{"status":{"message":null,"code":null,"api_name":null},"data":null},"level":"info","service":"if_dma_00003"}
{"message":{"status":{"message":null,"code":null,"api_name":null},"data":null},"level":"info","service":"if_dma_00003"}
{"message":{"status":{"message":null,"code":null,"api_name":null},"data":null},"level":"info","service":"if_dma_00003"}
{"message":{"status":{"message":null,"code":null,"api_name":null},"data":null},"level":"info","service":"if_dma_00003"}
{"message":{"status":{"message":null,"code":null,"api_name":null},"data":null},"level":"info","service":"if_dma_00003"}
{"message":{"status":{"message":null,"code":null,"api_name":null},"data":null},"level":"info","service":"if_dma_00003"}
{"message":{"status":{"message":null,"code":null,"api_name":null},"data":null},"level":"info","service":"if_dma_00003"}
{"message":{"status":{"message":null,"code":null,"api_name":null},"data":null},"level":"info","service":"if_dma_00003"}
{"message":{"status":{"message":null,"code":null,"api_name":null},"data":null},"level":"info","service":"if_dma_00003"}
{"message":{"status":{"message":null,"code":null,"api_name":null},"data":null},"level":"info","service":"if_dma_00003"}
{"message":{"status":{"message":null,"code":null,"api_name":null},"data":null},"level":"info","service":"if_dma_00003"}
{"message":{"status":{"message":null,"code":null,"api_name":null},"data":null},"level":"info","service":"if_dma_00003"}
{"message":{"status":{"message":null,"code":null,"api_name":null},"data":null},"level":"info","service":"if_dma_00003"}
{"message":{"status":{"message":null,"code":null,"api_name":null},"data":null},"level":"info","service":"if_dma_00003"}
{"message":{"status":{"message":null,"code":null,"api_name":null},"data":null},"level":"info","service":"if_dma_00003"}
{"message":{"status":{"message":null,"code":null,"api_name":null},"data":null},"level":"info","service":"if_dma_00003"}
{"message":{"status":{"message":null,"code":null,"api_name":null},"data":null},"level":"info","service":"if_dma_00003"}
{"message":{"status":{"message":null,"code":null,"api_name":null},"data":null},"level":"info","service":"if_dma_00003"}
{"message":{"status":{"message":null,"code":null,"api_name":null},"data":null},"level":"info","service":"if_dma_00003"}
{"message":{"status":{"message":null,"code":null,"api_name":null},"data":null},"level":"info","service":"if_dma_00003"}
{"message":{"status":{"message":null,"code":null,"api_name":null},"data":null},"level":"info","service":"if_dma_00003"}
{"message":{"status":{"message":null,"code":null,"api_name":null},"data":null},"level":"info","service":"if_dma_00003"}
{"message":{"status":{"message":null,"code":null,"api_name":null},"data":null},"level":"info","service":"if_dma_00003"}
{"message":{"status":{"message":null,"code":null,"api_name":null},"data":null},"level":"info","service":"if_dma_00003"}
{"message":{"status":{"message":null,"code":null,"api_name":null},"data":null},"level":"info","service":"if_dma_00003"}
{"message":{"status":{"message":null,"code":null,"api_name":null},"data":null},"level":"info","service":"if_dma_00003"}
{"message":{"status":{"message":null,"code":null,"api_name":null},"data":null},"level":"info","service":"if_dma_00003"}
{"message":{"status":{"message":null,"code":null,"api_name":null},"data":null},"level":"info","service":"if_dma_00003"}
{"message":{"status":{"message":null,"code":null,"api_name":null},"data":null},"level":"info","service":"if_dma_00003"}
{"message":{"status":{"message":null,"code":null,"api_name":null},"data":null},"level":"info","service":"if_dma_00003"}
{"message":{"status":{"message":null,"code":null,"api_name":null},"data":null},"level":"info","service":"if_dma_00003"}
{"message":{"status":{"message":null,"code":null,"api_name":null},"data":null},"level":"info","service":"if_dma_00003"}
{"message":{"status":{"message":null,"code":null,"api_name":null},"data":null},"level":"info","service":"if_dma_00003"}
{"message":{"status":{"message":null,"code":null,"api_name":null},"data":null},"level":"info","service":"if_dma_00003"}
{"message":{"status":{"message":null,"code":null,"api_name":null},"data":null},"level":"info","service":"if_dma_00003"}
{"message":{"status":{"message":null,"code":null,"api_name":null},"data":null},"level":"info","service":"if_dma_00003"}
{"message":{"status":{"message":null,"code":null,"api_name":null},"data":null},"level":"info","service":"if_dma_00003"}
{"message":{"status":{"message":null,"code":null,"api_name":null},"data":null},"level":"info","service":"if_dma_00003"}
{"message":{"status":{"message":null,"code":null,"api_name":null},"data":null},"level":"info","service":"if_dma_00003"}
{"message":{"status":{"message":null,"code":null,"api_name":null},"data":null},"level":"info","service":"if_dma_00003"}
{"message":{"status":{"message":null,"code":null,"api_name":null},"data":null},"level":"info","service":"if_dma_00003"}
{"message":{"status":{"message":null,"code":null,"api_name":null},"data":null},"level":"info","service":"if_dma_00003"}
{"message":{"status":{"message":null,"code":null,"api_name":null},"data":null},"level":"info","service":"if_dma_00003"}
{"message":{"status":{"message":null,"code":null,"api_name":null},"data":null},"level":"info","service":"if_dma_00003"}
{"message":{"status":{"message":null,"code":null,"api_name":null},"data":null},"level":"info","service":"if_dma_00003"}
{"message":{"status":{"message":null,"code":null,"api_name":null},"data":null},"level":"info","service":"if_dma_00003"}
{"message":{"status":{"message":null,"code":null,"api_name":null},"data":null},"level":"info","service":"if_dma_00003"}
{"message":{"status":{"message":null,"code":null,"api_name":null},"data":null},"level":"info","service":"if_dma_00003"}
{"message":{"status":{"message":null,"code":null,"api_name":null},"data":null},"level":"info","service":"if_dma_00003"}
{"message":{"status":{"message":null,"code":null,"api_name":null},"data":null},"level":"info","service":"if_dma_00003"}
{"message":{"status":{"message":null,"code":null,"api_name":null},"data":null},"level":"info","service":"if_dma_00003"}
{"message":{"status":{"message":null,"code":null,"api_name":null},"data":null},"level":"info","service":"if_dma_00003"}
{"message":{"status":{"message":null,"code":null,"api_name":null},"data":null},"level":"info","service":"if_dma_00003"}
{"message":{"status":{"message":null,"code":null,"api_name":null},"data":null},"level":"info","service":"if_dma_00003"}
{"message":{"status":{"message":null,"code":null,"api_name":null},"data":null},"level":"info","service":"if_dma_00003"}
{"message":{"status":{"message":null,"code":null,"api_name":null},"data":null},"level":"info","service":"if_dma_00003"}
{"message":{"status":{"message":null,"code":null,"api_name":null},"data":null},"level":"info","service":"if_dma_00003"}
{"message":{"status":{"message":null,"code":null,"api_name":null},"data":null},"level":"info","service":"if_dma_00003"}
{"message":{"status":{"message":null,"code":null,"api_name":null},"data":null},"level":"info","service":"if_dma_00003"}
{"message":{"status":{"message":null,"code":null,"api_name":null},"data":null},"level":"info","service":"if_dma_00003"}
{"message":{"status":{"message":null,"code":null,"api_name":null},"data":null},"level":"info","service":"if_dma_00003"}
{"message":{"status":{"message":null,"code":null,"api_name":null},"data":null},"level":"info","service":"if_dma_00003"}
{"message":{"status":{"message":null,"code":null,"api_name":null},"data":null},"level":"info","service":"if_dma_00003"}
{"message":{"status":{"message":null,"code":null,"api_name":null},"data":null},"level":"info","service":"if_dma_00003"}
{"message":{"status":{"message":null,"code":null,"api_name":null},"data":null},"level":"info","service":"if_dma_00003"}
{"message":{"status":{"message":null,"code":null,"api_name":null},"data":null},"level":"info","service":"if_dma_00003"}
{"message":{"status":{"message":null,"code":null,"api_name":null},"data":null},"level":"info","service":"if_dma_00003"}
{"message":{"status":{"message":null,"code":null,"api_name":null},"data":null},"level":"info","service":"if_dma_00003"}
{"message":{"status":{"message":null,"code":null,"api_name":null},"data":null},"level":"info","service":"if_dma_00003"}
{"message":{"status":{"message":null,"code":null,"api_name":null},"data":null},"level":"info","service":"if_dma_00003"}
{"message":{"status":{"message":null,"code":null,"api_name":null},"data":null},"level":"info","service":"if_dma_00003"}
{"message":"{\"status\":{\"message\":null,\"code\":null,\"api_name\":null},\"data\":null}","level":"info","service":"if_dma_00003"}
{"message":{"status":{"message":null,"code":null,"api_name":null},"data":null},"level":"info","service":"if_dma_00003"}
{"message":{"status":{"message":null,"code":null,"api_name":null},"data":null},"level":"info","service":"if_dma_00003"}
{"message":{"status":{"message":null,"code":null,"api_name":null},"data":null},"level":"info","service":"if_dma_00003"}
{"message":{"status":{"message":null,"code":null,"api_name":null},"data":null},"level":"info","service":"if_dma_00003"}
{"message":{"status":{"message":null,"code":null,"api_name":null},"data":null},"level":"info","service":"if_dma_00003"}
{"message":{"status":{"message":null,"code":null,"api_name":null},"data":null},"level":"info","service":"if_dma_00003"}
{"message":{"status":{"message":null,"code":null,"api_name":null},"data":null},"level":"info","service":"if_dma_00003"}
{"message":{"status":{"message":null,"code":null,"api_name":null},"data":null},"level":"info","service":"if_dma_00003"}
{"message":{"status":{"message":null,"code":null,"api_name":null},"data":null},"level":"info","service":"if_dma_00003"}
{"message":{"status":{"message":null,"code":null,"api_name":null},"data":null},"level":"info","service":"if_dma_00003"}
{"message":{"status":{"message":null,"code":null,"api_name":null},"data":null},"level":"info","service":"if_dma_00003"}
{"message":{"status":{"message":null,"code":null,"api_name":null},"data":null},"level":"info","service":"if_dma_00003"}
{"message":{"status":{"message":null,"code":null,"api_name":null},"data":null},"level":"info","service":"if_dma_00003"}
{"message":{"status":{"message":null,"code":null,"api_name":null},"data":null},"level":"info","service":"if_dma_00003"}
{"message":{"status":{"message":null,"code":null,"api_name":null},"data":null},"level":"info","service":"if_dma_00003"}
{"message":{"status":{"message":null,"code":null,"api_name":null},"data":null},"level":"info","service":"if_dma_00003"}
{"message":{"status":{"message":null,"code":null,"api_name":null},"data":null},"level":"info","service":"if_dma_00003"}
{"message":{"status":{"message":null,"code":null,"api_name":null},"data":null},"level":"info","service":"if_dma_00003"}
{"message":{"status":{"message":null,"code":null,"api_name":null},"data":null},"level":"info","service":"if_dma_00003"}
{"message":{"status":{"message":null,"code":null,"api_name":null},"data":null},"level":"info","service":"if_dma_00003"}
{"message":{"status":{"message":null,"code":null,"api_name":null},"data":null},"level":"info","service":"if_dma_00003"}
{"message":{"status":{"message":null,"code":null,"api_name":null},"data":null},"level":"info","service":"if_dma_00003"}
{"message":{"status":{"message":null,"code":null,"api_name":null},"data":null},"level":"info","service":"if_dma_00003"}
{"message":{"status":{"message":null,"code":null,"api_name":null},"data":null},"level":"info","service":"if_dma_00003"}
{"message":{"status":{"message":null,"code":null,"api_name":null},"data":null},"level":"info","service":"if_dma_00003"}
{"message":{"status":{"message":null,"code":null,"api_name":null},"data":null},"level":"info","service":"if_dma_00003"}
{"message":{"status":{"message":null,"code":null,"api_name":null},"data":null},"level":"info","service":"if_dma_00003"}
{"message":{"status":{"message":null,"code":null,"api_name":null},"data":null},"level":"info","service":"if_dma_00003"}
{"message":{"status":{"message":null,"code":null,"api_name":null},"data":null},"level":"info","service":"if_dma_00003"}
{"message":{"status":{"message":null,"code":null,"api_name":null},"data":null},"level":"info","service":"if_dma_00003"}
{"message":{"status":{"message":null,"code":null,"api_name":null},"data":null},"level":"info","service":"if_dma_00003"}
{"message":{"status":{"message":null,"code":null,"api_name":null},"data":null},"level":"info","service":"if_dma_00003"}
{"message":{"status":{"message":null,"code":null,"api_name":null},"data":null},"level":"info","service":"if_dma_00003"}
{"message":{"status":{"message":null,"code":null,"api_name":null},"data":null},"level":"info","service":"if_dma_00003"}
{"message":{"status":{"message":null,"code":null,"api_name":null},"data":null},"level":"info","service":"if_dma_00003"}
{"message":{"status":{"message":null,"code":null,"api_name":null},"data":null},"level":"info","service":"if_dma_00003"}
{"message":{"status":{"message":null,"code":null,"api_name":null},"data":null},"level":"info","service":"if_dma_00003"}
{"message":{"status":{"message":null,"code":null,"api_name":null},"data":null},"level":"info","service":"if_dma_00003"}
{"message":{"status":{"message":null,"code":null,"api_name":null},"data":null},"level":"info","service":"if_dma_00003"}
{"message":{"status":{"message":null,"code":null,"api_name":null},"data":null},"level":"info","service":"if_dma_00003"}
{"message":{"status":{"message":null,"code":null,"api_name":null},"data":null},"level":"info","service":"if_dma_00003"}
{"message":{"status":{"message":null,"code":null,"api_name":null},"data":null},"level":"info","service":"if_dma_00003"}
{"message":{"status":{"message":null,"code":null,"api_name":null},"data":null},"level":"info","service":"if_dma_00003"}
{"message":{"status":{"message":null,"code":null,"api_name":null},"data":null},"level":"info","service":"if_dma_00003"}
{"message":{"status":{"message":"Invalid date/time: 20191115085612","code":"00","api_name":"IF_STCS_DMA_00003"},"data":null},"level":"info","service":"if_dma_00003"}
{"message":{"status":{"message":"Invalid date/time: 20191115085612","code":"00","api_name":"IF_STCS_DMA_00003"},"data":null},"level":"info","service":"if_dma_00003"}
{"message":{"status":{"message":"Invalid date/time: 20191115085612","code":"00","api_name":"IF_STCS_DMA_00003"},"data":null},"level":"info","service":"if_dma_00003"}
{"message":{"status":{"message":"Invalid date/time: 20191115085612","code":"00","api_name":"IF_STCS_DMA_00003"},"data":null},"level":"info","service":"if_dma_00003"}
{"message":{"status":{"message":"Invalid date/time: 20191115092945","code":"00","api_name":"IF_STCS_DMA_00003"},"data":null},"level":"info","service":"if_dma_00003"}
{"message":{"status":{"message":"Invalid date/time: 20191115092945","code":"00","api_name":"IF_STCS_DMA_00003"},"data":null},"level":"info","service":"if_dma_00003"}
{"message":{"status":{"message":"Invalid date/time: 20191115092945","code":"00","api_name":"IF_STCS_DMA_00003"},"data":null},"level":"info","service":"if_dma_00003"}
{"message":{"status":{"message":"Invalid date/time: 20191115092945","code":"00","api_name":"IF_STCS_DMA_00003"},"data":null},"level":"info","service":"if_dma_00003"}
{"message":{"status":{"message":"Invalid date/time: 20191115093000","code":"00","api_name":"IF_STCS_DMA_00003"},"data":null},"level":"info","service":"if_dma_00003"}
{"message":{"status":{"message":"Invalid date/time: 20191115093010","code":"00","api_name":"IF_STCS_DMA_00003"},"data":null},"level":"info","service":"if_dma_00003"}
{"message":{"status":{"message":"Invalid date/time: 20191115093020","code":"00","api_name":"IF_STCS_DMA_00003"},"data":null},"level":"info","service":"if_dma_00003"}
{"message":"error file : null","level":"info","service":"if_dma_00003"}
{"message":{"status":{"message":"Invalid date/time: 20191115093032","code":"00","api_name":"IF_STCS_DMA_00003"},"data":null},"level":"info","service":"if_dma_00003"}
{"message":{"status":{"message":"Invalid date/time: 20191115093032","code":"00","api_name":"IF_STCS_DMA_00003"},"data":null},"level":"info","service":"if_dma_00003"}
{"message":{"status":{"message":"Invalid date/time: 20191115093032","code":"00","api_name":"IF_STCS_DMA_00003"},"data":null},"level":"info","service":"if_dma_00003"}
{"message":{"status":{"message":"Invalid date/time: 20191115093032","code":"00","api_name":"IF_STCS_DMA_00003"},"data":null},"level":"info","service":"if_dma_00003"}
{"message":"error file : null","level":"info","service":"if_dma_00003"}
{"message":{"status":{"message":"Invalid date/time: 20191115093116","code":"00","api_name":"IF_STCS_DMA_00003"},"data":null},"level":"info","service":"if_dma_00003"}
{"message":{"status":{"message":"Invalid date/time: 20191115093116","code":"00","api_name":"IF_STCS_DMA_00003"},"data":null},"level":"info","service":"if_dma_00003"}
{"message":{"status":{"message":"Invalid date/time: 20191115093116","code":"00","api_name":"IF_STCS_DMA_00003"},"data":null},"level":"info","service":"if_dma_00003"}
{"message":{"status":{"message":"Invalid date/time: 20191115093116","code":"00","api_name":"IF_STCS_DMA_00003"},"data":null},"level":"info","service":"if_dma_00003"}
{"message":{"status":{"message":null,"code":"00","api_name":"IF_STCS_DMA_00003"},"data":null},"level":"info","service":"if_dma_00003"}
{"message":{"status":{"message":null,"code":"00","api_name":"IF_STCS_DMA_00003"},"data":null},"level":"info","service":"if_dma_00003"}
{"message":{"status":{"message":null,"code":"00","api_name":"IF_STCS_DMA_00003"},"data":null},"level":"info","service":"if_dma_00003"}
{"message":{"status":{"message":null,"code":"00","api_name":"IF_STCS_DMA_00003"},"data":null},"level":"info","service":"if_dma_00003"}
{"message":{"status":{"message":"Attempt to de-reference a null object","code":"99","api_name":"IF_STCS_DMA_00003"},"data":null},"level":"info","service":"if_dma_00003"}
{"message":{"status":{"message":"Attempt to de-reference a null object","code":"99","api_name":"IF_STCS_DMA_00003"},"data":null},"level":"info","service":"if_dma_00003"}
{"message":{"status":{"message":null,"code":"00","api_name":"IF_STCS_DMA_00003"},"data":null},"level":"info","service":"if_dma_00003"}
{"message":{"status":{"message":null,"code":"00","api_name":"IF_STCS_DMA_00003"},"data":null},"level":"info","service":"if_dma_00003"}
{"message":{"status":{"message":null,"code":"00","api_name":"IF_STCS_DMA_00003"},"data":{"result":{"data_list":[],"count":"0"},"channel":"04"}},"level":"info","service":"if_dma_00003"}
{"message":{"status":{"message":null,"code":"00","api_name":"IF_STCS_DMA_00003"},"data":{"result":{"data_list":[{"writerNm":null,"writer":"201910016535","vdnNm":null,"vdnGrpNm":null,"vdnGrp":null,"vdn":null,"title":null,"reRegDate":null,"regDate":"201959317161100","reContent":"<p align=\"center\">Chat Started: Wednesday, November 13, 2019, 07:59:06 (+0000)</p><p align=\"center\">Chat Origin: 상담사 1:1채팅</p><p align=\"center\">Agent 이</p>","reasonCate2Nm":null,"reasonCate2":null,"reasonCate1Nm":null,"reasonCate1":null,"productNm":null,"productCode":null,"PCateNm":null,"PCate":null,"no":"00001038","mdNm":null,"mdId":null,"McateNm":null,"Mcate":null,"gender":null,"content":null,"companyNm":null,"company":null,"categoryNm":null,"category2Nm":null,"category2":null,"category1":null,"caseId":"5001y000000vi8MAAQ","agentNm":"이지은","agentId":"dream2083","age":null},{"writerNm":"김민지","writer":"201410000875","vdnNm":null,"vdnGrpNm":null,"vdnGrp":null,"vdn":null,"title":null,"reRegDate":null,"regDate":"201952317161100","reContent":"<p align=\"center\">Chat Started: Wednesday, November 13, 2019, 07:52:18 (+0000)</p><p align=\"center\">Chat Origin: 상담사 1:1채팅</p><p align=\"center\">Agent 이</p>( 56s ) 이: 안녕하세요 고객님<br>( 1m 2s ) 이: 안녕하세요 고객님 무엇을 도와드릴까요?<br>( 1m 10s ) 김민지: 안녕하세요<br>","reasonCate2Nm":null,"reasonCate2":null,"reasonCate1Nm":null,"reasonCate1":null,"productNm":null,"productCode":null,"PCateNm":null,"PCate":null,"no":"00001037","mdNm":null,"mdId":null,"McateNm":null,"Mcate":null,"gender":null,"content":null,"companyNm":null,"company":null,"categoryNm":null,"category2Nm":null,"category2":null,"category1":null,"caseId":"5001y000000vi8CAAQ","agentNm":"이지은","agentId":"dream2083","age":null}],"count":"2"},"channel":"03"}},"level":"info","service":"if_dma_00003"}
{"message":{"status":{"message":null,"code":"00","api_name":"IF_STCS_DMA_00003"},"data":{"result":{"data_list":[{"writerNm":null,"writer":"201907018717","vdnNm":null,"vdnGrpNm":null,"vdnGrp":null,"vdn":null,"title":null,"reRegDate":null,"regDate":"201936308181100","reContent":null,"reasonCate2Nm":null,"reasonCate2":null,"reasonCate1Nm":null,"reasonCate1":null,"productNm":"코리아나 더 블랙 프리미어 패키지","productCode":"a0Y1y0000008uZ0EAI","PCateNm":"화장품","PCate":"화장품","no":"00001034","mdNm":null,"mdId":null,"McateNm":null,"Mcate":null,"gender":null,"content":"rtTest","companyNm":null,"company":null,"categoryNm":null,"category2Nm":null,"category2":null,"category1":null,"caseId":"5001y000000sDnUAAU","agentNm":"김승지","agentId":null,"age":null},{"writerNm":null,"writer":"201911020367","vdnNm":null,"vdnGrpNm":null,"vdnGrp":null,"vdn":null,"title":null,"reRegDate":null,"regDate":"201921306161100","reContent":null,"reasonCate2Nm":null,"reasonCate2":null,"reasonCate1Nm":null,"reasonCate1":null,"productNm":null,"productCode":null,"PCateNm":null,"PCate":null,"no":"00001030","mdNm":null,"mdId":null,"McateNm":null,"Mcate":null,"gender":null,"content":null,"companyNm":null,"company":null,"categoryNm":null,"category2Nm":null,"category2":null,"category1":null,"caseId":"5001y000000sB7eAAE","agentNm":"김현욱","agentId":null,"age":null}],"count":"2"},"channel":"02"}},"level":"info","service":"if_dma_00003"}
{"message":{"status":{"message":null,"code":"00","api_name":"IF_STCS_DMA_00003"},"data":{"result":{"data_list":[],"count":"0"},"channel":"01"}},"level":"info","service":"if_dma_00003"}
{"message":{"status":{"message":null,"code":"00","api_name":"IF_STCS_DMA_00003"},"data":{"result":{"data_list":[],"count":"0"},"channel":"04"}},"level":"info","service":"if_dma_00003"}
{"message":{"status":{"message":null,"code":"00","api_name":"IF_STCS_DMA_00003"},"data":{"result":{"data_list":[{"writerNm":null,"writer":"201910016535","vdnNm":null,"vdnGrpNm":null,"vdnGrp":null,"vdn":null,"title":null,"reRegDate":null,"regDate":"201959317161100","reContent":"<p align=\"center\">Chat Started: Wednesday, November 13, 2019, 07:59:06 (+0000)</p><p align=\"center\">Chat Origin: 상담사 1:1채팅</p><p align=\"center\">Agent 이</p>","reasonCate2Nm":null,"reasonCate2":null,"reasonCate1Nm":null,"reasonCate1":null,"productNm":null,"productCode":null,"PCateNm":null,"PCate":null,"no":"00001038","mdNm":null,"mdId":null,"McateNm":null,"Mcate":null,"gender":null,"content":null,"companyNm":null,"company":null,"categoryNm":null,"category2Nm":null,"category2":null,"category1":null,"caseId":"5001y000000vi8MAAQ","agentNm":"이지은","agentId":"dream2083","age":null},{"writerNm":"김민지","writer":"201410000875","vdnNm":null,"vdnGrpNm":null,"vdnGrp":null,"vdn":null,"title":null,"reRegDate":null,"regDate":"201952317161100","reContent":"<p align=\"center\">Chat Started: Wednesday, November 13, 2019, 07:52:18 (+0000)</p><p align=\"center\">Chat Origin: 상담사 1:1채팅</p><p align=\"center\">Agent 이</p>( 56s ) 이: 안녕하세요 고객님<br>( 1m 2s ) 이: 안녕하세요 고객님 무엇을 도와드릴까요?<br>( 1m 10s ) 김민지: 안녕하세요<br>","reasonCate2Nm":null,"reasonCate2":null,"reasonCate1Nm":null,"reasonCate1":null,"productNm":null,"productCode":null,"PCateNm":null,"PCate":null,"no":"00001037","mdNm":null,"mdId":null,"McateNm":null,"Mcate":null,"gender":null,"content":null,"companyNm":null,"company":null,"categoryNm":null,"category2Nm":null,"category2":null,"category1":null,"caseId":"5001y000000vi8CAAQ","agentNm":"이지은","agentId":"dream2083","age":null}],"count":"2"},"channel":"03"}},"level":"info","service":"if_dma_00003"}
{"message":{"status":{"message":null,"code":"00","api_name":"IF_STCS_DMA_00003"},"data":{"result":{"data_list":[{"writerNm":null,"writer":"201907018717","vdnNm":null,"vdnGrpNm":null,"vdnGrp":null,"vdn":null,"title":null,"reRegDate":null,"regDate":"201936308181100","reContent":null,"reasonCate2Nm":null,"reasonCate2":null,"reasonCate1Nm":null,"reasonCate1":null,"productNm":"코리아나 더 블랙 프리미어 패키지","productCode":"a0Y1y0000008uZ0EAI","PCateNm":"화장품","PCate":"화장품","no":"00001034","mdNm":null,"mdId":null,"McateNm":null,"Mcate":null,"gender":null,"content":"rtTest","companyNm":null,"company":null,"categoryNm":null,"category2Nm":null,"category2":null,"category1":null,"caseId":"5001y000000sDnUAAU","agentNm":"김승지","agentId":null,"age":null},{"writerNm":null,"writer":"201911020367","vdnNm":null,"vdnGrpNm":null,"vdnGrp":null,"vdn":null,"title":null,"reRegDate":null,"regDate":"201921306161100","reContent":null,"reasonCate2Nm":null,"reasonCate2":null,"reasonCate1Nm":null,"reasonCate1":null,"productNm":null,"productCode":null,"PCateNm":null,"PCate":null,"no":"00001030","mdNm":null,"mdId":null,"McateNm":null,"Mcate":null,"gender":null,"content":null,"companyNm":null,"company":null,"categoryNm":null,"category2Nm":null,"category2":null,"category1":null,"caseId":"5001y000000sB7eAAE","agentNm":"김현욱","agentId":null,"age":null}],"count":"2"},"channel":"02"}},"level":"info","service":"if_dma_00003"}
{"message":{"status":{"message":null,"code":"00","api_name":"IF_STCS_DMA_00003"},"data":{"result":{"data_list":[],"count":"0"},"channel":"01"}},"level":"info","service":"if_dma_00003"}
{"message":{"status":{"message":"expecting a right parentheses, found 'AND'","code":"99","api_name":"IF_STCS_DMA_00003"},"data":null},"level":"info","service":"if_dma_00003"}
{"message":{"status":{"message":"List index out of bounds: 0","code":"99","api_name":"IF_STCS_DMA_00003"},"data":null},"level":"info","service":"if_dma_00003"}
{"message":{"status":{"message":null,"code":"00","api_name":"IF_STCS_DMA_00003"},"data":{"result":{"data_list":[],"count":"0"},"channel":"03"}},"level":"info","service":"if_dma_00003"}
{"message":{"status":{"message":null,"code":"00","api_name":"IF_STCS_DMA_00003"},"data":{"result":{"data_list":[],"count":"0"},"channel":"01"}},"level":"info","service":"if_dma_00003"}
{"message":{"status":{"message":"List index out of bounds: 0","code":"99","api_name":"IF_STCS_DMA_00003"},"data":null},"level":"info","service":"if_dma_00003"}
{"message":{"status":{"message":null,"code":"00","api_name":"IF_STCS_DMA_00003"},"data":{"result":{"data_list":[],"count":"0"},"channel":"03"}},"level":"info","service":"if_dma_00003"}
{"message":{"status":{"message":"expecting a right parentheses, found 'AND'","code":"99","api_name":"IF_STCS_DMA_00003"},"data":null},"level":"info","service":"if_dma_00003"}
{"message":{"status":{"message":null,"code":"00","api_name":"IF_STCS_DMA_00003"},"data":{"result":{"data_list":[],"count":"0"},"channel":"01"}},"level":"info","service":"if_dma_00003"}
{"message":{"status":{"message":"List index out of bounds: 0","code":"99","api_name":"IF_STCS_DMA_00003"},"data":null},"level":"info","service":"if_dma_00003"}
{"message":{"status":{"message":null,"code":"00","api_name":"IF_STCS_DMA_00003"},"data":{"result":{"data_list":[],"count":"0"},"channel":"03"}},"level":"info","service":"if_dma_00003"}
{"message":{"status":{"message":"expecting a right parentheses, found 'AND'","code":"99","api_name":"IF_STCS_DMA_00003"},"data":null},"level":"info","service":"if_dma_00003"}
{"message":{"status":{"message":null,"code":"00","api_name":"IF_STCS_DMA_00003"},"data":{"result":{"data_list":[],"count":"0"},"channel":"01"}},"level":"info","service":"if_dma_00003"}
{"message":{"status":{"message":"List index out of bounds: 0","code":"99","api_name":"IF_STCS_DMA_00003"},"data":null},"level":"info","service":"if_dma_00003"}
{"message":{"status":{"message":null,"code":"00","api_name":"IF_STCS_DMA_00003"},"data":{"result":{"data_list":[],"count":"0"},"channel":"03"}},"level":"info","service":"if_dma_00003"}
{"message":{"status":{"message":"expecting a right parentheses, found 'AND'","code":"99","api_name":"IF_STCS_DMA_00003"},"data":null},"level":"info","service":"if_dma_00003"}
{"message":{"status":{"message":null,"code":"00","api_name":"IF_STCS_DMA_00003"},"data":{"result":{"data_list":[],"count":"0"},"channel":"01"}},"level":"info","service":"if_dma_00003"}
{"message":"error sj01 : RequestError: Error: connect ECONNREFUSED 10.253.42.185:80","level":"info","service":"if_dma_00003"}
{"message":"error sj01 : SyntaxError: Unexpected end of JSON input","level":"info","service":"if_dma_00003"}
{"message":"error sj01 : SyntaxError: Unexpected end of JSON input","level":"info","service":"if_dma_00003"}
{"message":"error sj01 : SyntaxError: Unexpected end of JSON input","level":"info","service":"if_dma_00003"}
{"message":"error sj01 : SyntaxError: Unexpected end of JSON input","level":"info","service":"if_dma_00003"}
{"message":"error sj01 : SyntaxError: Unexpected end of JSON input","level":"info","service":"if_dma_00003"}
{"message":"error sj01 : SyntaxError: Unexpected end of JSON input","level":"info","service":"if_dma_00003"}
{"message":"error sj01 : SyntaxError: Unexpected end of JSON input","level":"info","service":"if_dma_00003"}
{"message":"error sj01 : SyntaxError: Unexpected end of JSON input","level":"info","service":"if_dma_00003"}
{"message":"error sj01 : SyntaxError: Unexpected end of JSON input","level":"info","service":"if_dma_00003"}
{"message":"error sj01 : SyntaxError: Unexpected end of JSON input","level":"info","service":"if_dma_00003"}
{"message":"error sj01 : SyntaxError: Unexpected end of JSON input","level":"info","service":"if_dma_00003"}
{"message":"error sj01 : SyntaxError: Unexpected end of JSON input","level":"info","service":"if_dma_00003"}
{"message":"error sj01 : SyntaxError: Unexpected end of JSON input","level":"info","service":"if_dma_00003"}
{"message":"error sj01 : SyntaxError: Unexpected end of JSON input","level":"info","service":"if_dma_00003"}
{"message":"error sj01 : SyntaxError: Unexpected end of JSON input","level":"info","service":"if_dma_00003"}
{"message":"error sj01 : SyntaxError: Unexpected end of JSON input","level":"info","service":"if_dma_00003"}
{"message":"error sj01 : SyntaxError: Unexpected end of JSON input","level":"info","service":"if_dma_00003"}
{"message":"error sj01 : SyntaxError: Unexpected end of JSON input","level":"info","service":"if_dma_00003"}
{"message":"error sj01 : SyntaxError: Unexpected end of JSON input","level":"info","service":"if_dma_00003"}
{"message":"error sj01 : SyntaxError: Unexpected end of JSON input","level":"info","service":"if_dma_00003"}
{"message":"error sj01 : SyntaxError: Unexpected end of JSON input","level":"info","service":"if_dma_00003"}
{"message":"error sj01 : SyntaxError: Unexpected end of JSON input","level":"info","service":"if_dma_00003"}
{"message":"error sj01 : RequestError: Error: connect ECONNREFUSED 10.253.42.185:12800","level":"info","service":"if_dma_00003"}
{"message":"error sj01 : SyntaxError: Unexpected end of JSON input","level":"info","service":"if_dma_00003"}
{"message":"error sj01 : SyntaxError: Unexpected end of JSON input","level":"info","service":"if_dma_00003"}
{"message":"error sj01 : SyntaxError: Unexpected end of JSON input","level":"info","service":"if_dma_00003"}
{"message":"error sj01 : SyntaxError: Unexpected end of JSON input","level":"info","service":"if_dma_00003"}
{"message":"error sj01 : SyntaxError: Unexpected end of JSON input","level":"info","service":"if_dma_00003"}
{"message":"error sj01 : SyntaxError: Unexpected end of JSON input","level":"info","service":"if_dma_00003"}
{"message":"error sj01 : SyntaxError: Unexpected end of JSON input","level":"info","service":"if_dma_00003"}
{"message":"error sj01 : SyntaxError: Unexpected end of JSON input","level":"info","service":"if_dma_00003"}
{"message":"error sj01 : SyntaxError: Unexpected end of JSON input","level":"info","service":"if_dma_00003"}
